build/app/intermediates/manifest_merge_blame_file/release/manifest-merger-blame-release-report.txt
1<?xml version="1.0" encoding="utf-8"?>
2<manifest xmlns:android="http://schemas.android.com/apk/res/android"
3    package="com.mycompany.newsecurechat"
4    android:versionCode="1"
5    android:versionName="1.0.0" >
6
7    <uses-sdk
8        android:minSdkVersion="23"
9        android:targetSdkVersion="34" />
10
11    <uses-permission android:name="android.permission.INTERNET" />
11-->src\main\AndroidManifest.xml:4:5-66
11-->src\main\AndroidManifest.xml:4:22-64
12    <uses-permission android:name="android.permission.CAMERA" />
12-->src\main\AndroidManifest.xml:5:5-64
12-->src\main\AndroidManifest.xml:5:22-62
13    <uses-permission
13-->src\main\AndroidManifest.xml:6:5-106
14        android:name="android.permission.READ_EXTERNAL_STORAGE"
14-->src\main\AndroidManifest.xml:6:22-77
15        android:maxSdkVersion="32" />
15-->src\main\AndroidManifest.xml:6:78-104
16    <uses-permission
16-->src\main\AndroidManifest.xml:7:5-107
17        android:name="android.permission.WRITE_EXTERNAL_STORAGE"
17-->src\main\AndroidManifest.xml:7:22-78
18        android:maxSdkVersion="32" />
18-->src\main\AndroidManifest.xml:7:79-105
19
20    <!-- Permissions for basic app functionality -->
21    <uses-permission android:name="android.permission.ACCESS_NETWORK_STATE" />
21-->src\main\AndroidManifest.xml:10:5-79
21-->src\main\AndroidManifest.xml:10:22-76
22    <uses-permission android:name="android.permission.BLUETOOTH" />
22-->src\main\AndroidManifest.xml:11:5-68
22-->src\main\AndroidManifest.xml:11:22-65
23    <!-- Add this for Android 12 (API level 31) and higher -->
24    <uses-permission android:name="android.permission.BLUETOOTH_CONNECT" />
24-->src\main\AndroidManifest.xml:13:5-76
24-->src\main\AndroidManifest.xml:13:22-73
25    <uses-permission android:name="android.permission.WAKE_LOCK" /> <!-- Permissions options for the `notification` group -->
25-->[:firebase_messaging] AndroidManifest.xml:8:5-68
25-->[:firebase_messaging] AndroidManifest.xml:8:22-65
26    <uses-permission android:name="android.permission.POST_NOTIFICATIONS" /> <!-- Required by older versions of Google Play services to create IID tokens -->
26-->[:firebase_messaging] AndroidManifest.xml:11:5-77
26-->[:firebase_messaging] AndroidManifest.xml:11:22-74
27    <uses-permission android:name="com.google.android.c2dm.permission.RECEIVE" />
27-->[com.google.firebase:firebase-messaging:24.0.3] AndroidManifest.xml:26:5-82
27-->[com.google.firebase:firebase-messaging:24.0.3] AndroidManifest.xml:26:22-79
28
29    <queries>
29-->[:file_picker] AndroidManifest.xml:11:5-17:15
30        <intent>
30-->[:file_picker] AndroidManifest.xml:12:9-16:18
31            <action android:name="android.intent.action.GET_CONTENT" />
31-->[:file_picker] AndroidManifest.xml:13:13-72
31-->[:file_picker] AndroidManifest.xml:13:21-69
32
33            <data android:mimeType="*/*" />
33-->src\main\AndroidManifest.xml:57:17-89
34        </intent>
35    </queries>
36
37    <uses-permission android:name="com.google.android.providers.gsf.permission.READ_GSERVICES" />
37-->[com.google.android.recaptcha:recaptcha:18.5.1] AndroidManifest.xml:9:5-98
37-->[com.google.android.recaptcha:recaptcha:18.5.1] AndroidManifest.xml:9:22-95
38
39    <permission
39-->[androidx.core:core:1.13.1] AndroidManifest.xml:22:5-24:47
40        android:name="com.mycompany.newsecurechat.DYNAMIC_RECEIVER_NOT_EXPORTED_PERMISSION"
40-->[androidx.core:core:1.13.1] AndroidManifest.xml:23:9-81
41        android:protectionLevel="signature" />
41-->[androidx.core:core:1.13.1] AndroidManifest.xml:24:9-44
42
43    <uses-permission android:name="com.mycompany.newsecurechat.DYNAMIC_RECEIVER_NOT_EXPORTED_PERMISSION" />
43-->[androidx.core:core:1.13.1] AndroidManifest.xml:26:5-97
43-->[androidx.core:core:1.13.1] AndroidManifest.xml:26:22-94
44
45    <application
46        android:name="android.app.Application"
46-->src\main\AndroidManifest.xml:17:9-42
47        android:appComponentFactory="androidx.core.app.CoreComponentFactory"
47-->[androidx.core:core:1.13.1] AndroidManifest.xml:28:18-86
48        android:extractNativeLibs="false"
49        android:icon="@mipmap/ic_launcher"
49-->src\main\AndroidManifest.xml:19:9-43
50        android:label="NTChat"
50-->src\main\AndroidManifest.xml:16:9-31
51        android:requestLegacyExternalStorage="true" >
51-->src\main\AndroidManifest.xml:20:9-52
52        <activity
52-->src\main\AndroidManifest.xml:22:9-60:20
53            android:name="com.mycompany.newsecurechat.MainActivity"
53-->src\main\AndroidManifest.xml:23:13-41
54            android:configChanges="orientation|keyboardHidden|keyboard|screenSize|smallestScreenSize|locale|layoutDirection|fontScale|screenLayout|density|uiMode"
54-->src\main\AndroidManifest.xml:27:13-163
55            android:exported="true"
55-->src\main\AndroidManifest.xml:24:13-36
56            android:hardwareAccelerated="true"
56-->src\main\AndroidManifest.xml:28:13-47
57            android:launchMode="singleTop"
57-->src\main\AndroidManifest.xml:25:13-43
58            android:theme="@style/LaunchTheme"
58-->src\main\AndroidManifest.xml:26:13-47
59            android:windowSoftInputMode="adjustResize" >
59-->src\main\AndroidManifest.xml:29:13-55
60
61            <!--
62                 Specifies an Android theme to apply to this Activity as soon as
63                 the Android process has started. This theme is visible to the user
64                 while the Flutter UI initializes. After that, this theme continues
65                 to determine the Window background behind the Flutter UI.
66            -->
67            <meta-data
67-->src\main\AndroidManifest.xml:34:13-37:17
68                android:name="io.flutter.embedding.android.NormalTheme"
68-->src\main\AndroidManifest.xml:35:15-70
69                android:resource="@style/NormalTheme" />
69-->src\main\AndroidManifest.xml:36:15-52
70            <!--
71                 Displays an Android View that continues showing the launch screen
72                 Drawable until Flutter paints its first frame, then this splash
73                 screen fades out. A splash screen is useful to avoid any visual
74                 gap between the end of Android's launch screen and the painting of
75                 Flutter's first frame.
76            -->
77            <meta-data
77-->src\main\AndroidManifest.xml:43:13-46:17
78                android:name="io.flutter.embedding.android.SplashScreenDrawable"
78-->src\main\AndroidManifest.xml:44:15-79
79                android:resource="@drawable/launch_background" />
79-->src\main\AndroidManifest.xml:45:15-61
80
81            <intent-filter>
81-->src\main\AndroidManifest.xml:47:13-50:29
82                <action android:name="android.intent.action.MAIN" />
82-->src\main\AndroidManifest.xml:48:17-68
82-->src\main\AndroidManifest.xml:48:25-66
83
84                <category android:name="android.intent.category.LAUNCHER" />
84-->src\main\AndroidManifest.xml:49:17-76
84-->src\main\AndroidManifest.xml:49:27-74
85            </intent-filter>
86            <!-- Deep linking -->
87            <meta-data
87-->src\main\AndroidManifest.xml:52:13-90
88                android:name="flutter_deeplinking_enabled"
88-->src\main\AndroidManifest.xml:52:24-66
89                android:value="true" />
89-->src\main\AndroidManifest.xml:52:67-87
90
91            <intent-filter android:autoVerify="true" >
91-->src\main\AndroidManifest.xml:53:13-58:29
91-->src\main\AndroidManifest.xml:53:28-53
92                <action android:name="android.intent.action.VIEW" />
92-->src\main\AndroidManifest.xml:54:17-69
92-->src\main\AndroidManifest.xml:54:25-66
93
94                <category android:name="android.intent.category.DEFAULT" />
94-->src\main\AndroidManifest.xml:55:17-76
94-->src\main\AndroidManifest.xml:55:27-73
95                <category android:name="android.intent.category.BROWSABLE" />
95-->src\main\AndroidManifest.xml:56:17-78
95-->src\main\AndroidManifest.xml:56:27-75
96
97                <data
97-->src\main\AndroidManifest.xml:57:17-89
98                    android:host="newsecurechat.com"
98-->src\main\AndroidManifest.xml:57:54-86
99                    android:scheme="newsecurechat" />
99-->src\main\AndroidManifest.xml:57:23-53
100            </intent-filter>
101        </activity>
102
103        <!--
104             Don't delete the meta-data below.
105             This is used by the Flutter tool to generate GeneratedPluginRegistrant.java
106        -->
107        <meta-data
107-->src\main\AndroidManifest.xml:64:9-66:33
108            android:name="flutterEmbedding"
108-->src\main\AndroidManifest.xml:65:13-44
109            android:value="2" />
109-->src\main\AndroidManifest.xml:66:13-30
110
111        <service
111-->[:firebase_performance] AndroidManifest.xml:10:9-14:19
112            android:name="com.google.firebase.components.ComponentDiscoveryService"
112-->[:firebase_performance] AndroidManifest.xml:10:18-89
113            android:directBootAware="true"
113-->[com.google.firebase:firebase-common:21.0.0] AndroidManifest.xml:32:13-43
114            android:exported="false" >
114-->[com.google.firebase:firebase-perf:21.0.2] AndroidManifest.xml:13:13-37
115            <meta-data
115-->[:firebase_performance] AndroidManifest.xml:11:13-13:85
116                android:name="com.google.firebase.components:io.flutter.plugins.firebase.performance.FlutterFirebaseAppRegistrar"
116-->[:firebase_performance] AndroidManifest.xml:12:17-130
117                android:value="com.google.firebase.components.ComponentRegistrar" />
117-->[:firebase_performance] AndroidManifest.xml:13:17-82
118            <meta-data
118-->[:cloud_firestore] AndroidManifest.xml:9:13-11:85
119                android:name="com.google.firebase.components:io.flutter.plugins.firebase.firestore.FlutterFirebaseFirestoreRegistrar"
119-->[:cloud_firestore] AndroidManifest.xml:10:17-134
120                android:value="com.google.firebase.components.ComponentRegistrar" />
120-->[:cloud_firestore] AndroidManifest.xml:11:17-82
121            <meta-data
121-->[:firebase_auth] AndroidManifest.xml:9:13-11:85
122                android:name="com.google.firebase.components:io.flutter.plugins.firebase.auth.FlutterFirebaseAuthRegistrar"
122-->[:firebase_auth] AndroidManifest.xml:10:17-124
123                android:value="com.google.firebase.components.ComponentRegistrar" />
123-->[:firebase_auth] AndroidManifest.xml:11:17-82
124            <meta-data
124-->[:firebase_database] AndroidManifest.xml:9:13-11:85
125                android:name="com.google.firebase.components:io.flutter.plugins.firebase.database.FlutterFirebaseAppRegistrar"
125-->[:firebase_database] AndroidManifest.xml:10:17-127
126                android:value="com.google.firebase.components.ComponentRegistrar" />
126-->[:firebase_database] AndroidManifest.xml:11:17-82
127            <meta-data
127-->[:firebase_messaging] AndroidManifest.xml:36:13-38:85
128                android:name="com.google.firebase.components:io.flutter.plugins.firebase.messaging.FlutterFirebaseAppRegistrar"
128-->[:firebase_messaging] AndroidManifest.xml:37:17-128
129                android:value="com.google.firebase.components.ComponentRegistrar" />
129-->[:firebase_messaging] AndroidManifest.xml:38:17-82
130            <meta-data
130-->[:firebase_storage] AndroidManifest.xml:9:13-11:85
131                android:name="com.google.firebase.components:io.flutter.plugins.firebase.storage.FlutterFirebaseAppRegistrar"
131-->[:firebase_storage] AndroidManifest.xml:10:17-126
132                android:value="com.google.firebase.components.ComponentRegistrar" />
132-->[:firebase_storage] AndroidManifest.xml:11:17-82
133            <meta-data
133-->[:firebase_core] AndroidManifest.xml:9:13-11:85
134                android:name="com.google.firebase.components:io.flutter.plugins.firebase.core.FlutterFirebaseCoreRegistrar"
134-->[:firebase_core] AndroidManifest.xml:10:17-124
135                android:value="com.google.firebase.components.ComponentRegistrar" />
135-->[:firebase_core] AndroidManifest.xml:11:17-82
136            <meta-data
136-->[com.google.firebase:firebase-perf:21.0.2] AndroidManifest.xml:14:13-16:85
137                android:name="com.google.firebase.components:com.google.firebase.perf.FirebasePerfKtxRegistrar"
137-->[com.google.firebase:firebase-perf:21.0.2] AndroidManifest.xml:15:17-112
138                android:value="com.google.firebase.components.ComponentRegistrar" />
138-->[com.google.firebase:firebase-perf:21.0.2] AndroidManifest.xml:16:17-82
139            <meta-data
139-->[com.google.firebase:firebase-perf:21.0.2] AndroidManifest.xml:17:13-19:85
140                android:name="com.google.firebase.components:com.google.firebase.perf.FirebasePerfRegistrar"
140-->[com.google.firebase:firebase-perf:21.0.2] AndroidManifest.xml:18:17-109
141                android:value="com.google.firebase.components.ComponentRegistrar" />
141-->[com.google.firebase:firebase-perf:21.0.2] AndroidManifest.xml:19:17-82
142            <meta-data
142-->[com.google.firebase:firebase-sessions:2.0.0] AndroidManifest.xml:29:13-31:85
143                android:name="com.google.firebase.components:com.google.firebase.sessions.FirebaseSessionsRegistrar"
143-->[com.google.firebase:firebase-sessions:2.0.0] AndroidManifest.xml:30:17-117
144                android:value="com.google.firebase.components.ComponentRegistrar" />
144-->[com.google.firebase:firebase-sessions:2.0.0] AndroidManifest.xml:31:17-82
145            <meta-data
145-->[com.google.firebase:firebase-auth:23.1.0] AndroidManifest.xml:69:13-71:85
146                android:name="com.google.firebase.components:com.google.firebase.auth.FirebaseAuthRegistrar"
146-->[com.google.firebase:firebase-auth:23.1.0] AndroidManifest.xml:70:17-109
147                android:value="com.google.firebase.components.ComponentRegistrar" />
147-->[com.google.firebase:firebase-auth:23.1.0] AndroidManifest.xml:71:17-82
148            <meta-data
148-->[com.google.firebase:firebase-firestore:25.1.1] AndroidManifest.xml:17:13-19:85
149                android:name="com.google.firebase.components:com.google.firebase.firestore.FirebaseFirestoreKtxRegistrar"
149-->[com.google.firebase:firebase-firestore:25.1.1] AndroidManifest.xml:18:17-122
150                android:value="com.google.firebase.components.ComponentRegistrar" />
150-->[com.google.firebase:firebase-firestore:25.1.1] AndroidManifest.xml:19:17-82
151            <meta-data
151-->[com.google.firebase:firebase-firestore:25.1.1] AndroidManifest.xml:20:13-22:85
152                android:name="com.google.firebase.components:com.google.firebase.firestore.FirestoreRegistrar"
152-->[com.google.firebase:firebase-firestore:25.1.1] AndroidManifest.xml:21:17-111
153                android:value="com.google.firebase.components.ComponentRegistrar" />
153-->[com.google.firebase:firebase-firestore:25.1.1] AndroidManifest.xml:22:17-82
154            <meta-data
154-->[com.google.firebase:firebase-messaging:24.0.3] AndroidManifest.xml:57:13-59:85
155                android:name="com.google.firebase.components:com.google.firebase.messaging.FirebaseMessagingKtxRegistrar"
155-->[com.google.firebase:firebase-messaging:24.0.3] AndroidManifest.xml:58:17-122
156                android:value="com.google.firebase.components.ComponentRegistrar" />
156-->[com.google.firebase:firebase-messaging:24.0.3] AndroidManifest.xml:59:17-82
157            <meta-data
157-->[com.google.firebase:firebase-messaging:24.0.3] AndroidManifest.xml:60:13-62:85
158                android:name="com.google.firebase.components:com.google.firebase.messaging.FirebaseMessagingRegistrar"
158-->[com.google.firebase:firebase-messaging:24.0.3] AndroidManifest.xml:61:17-119
159                android:value="com.google.firebase.components.ComponentRegistrar" />
159-->[com.google.firebase:firebase-messaging:24.0.3] AndroidManifest.xml:62:17-82
160            <meta-data
160-->[com.google.firebase:firebase-storage:21.0.1] AndroidManifest.xml:30:13-32:85
161                android:name="com.google.firebase.components:com.google.firebase.storage.FirebaseStorageKtxRegistrar"
161-->[com.google.firebase:firebase-storage:21.0.1] AndroidManifest.xml:31:17-118
162                android:value="com.google.firebase.components.ComponentRegistrar" />
162-->[com.google.firebase:firebase-storage:21.0.1] AndroidManifest.xml:32:17-82
163            <meta-data
163-->[com.google.firebase:firebase-storage:21.0.1] AndroidManifest.xml:33:13-35:85
164                android:name="com.google.firebase.components:com.google.firebase.storage.StorageRegistrar"
164-->[com.google.firebase:firebase-storage:21.0.1] AndroidManifest.xml:34:17-107
165                android:value="com.google.firebase.components.ComponentRegistrar" />
165-->[com.google.firebase:firebase-storage:21.0.1] AndroidManifest.xml:35:17-82
166            <meta-data
166-->[com.google.firebase:firebase-database:21.0.0] AndroidManifest.xml:29:13-31:85
167                android:name="com.google.firebase.components:com.google.firebase.database.FirebaseDatabaseKtxRegistrar"
167-->[com.google.firebase:firebase-database:21.0.0] AndroidManifest.xml:30:17-120
168                android:value="com.google.firebase.components.ComponentRegistrar" />
168-->[com.google.firebase:firebase-database:21.0.0] AndroidManifest.xml:31:17-82
169            <meta-data
169-->[com.google.firebase:firebase-database:21.0.0] AndroidManifest.xml:32:13-34:85
170                android:name="com.google.firebase.components:com.google.firebase.database.DatabaseRegistrar"
170-->[com.google.firebase:firebase-database:21.0.0] AndroidManifest.xml:33:17-109
171                android:value="com.google.firebase.components.ComponentRegistrar" />
171-->[com.google.firebase:firebase-database:21.0.0] AndroidManifest.xml:34:17-82
172            <meta-data
172-->[com.google.firebase:firebase-config:22.0.1] AndroidManifest.xml:29:13-31:85
173                android:name="com.google.firebase.components:com.google.firebase.remoteconfig.FirebaseRemoteConfigKtxRegistrar"
173-->[com.google.firebase:firebase-config:22.0.1] AndroidManifest.xml:30:17-128
174                android:value="com.google.firebase.components.ComponentRegistrar" />
174-->[com.google.firebase:firebase-config:22.0.1] AndroidManifest.xml:31:17-82
175            <meta-data
175-->[com.google.firebase:firebase-config:22.0.1] AndroidManifest.xml:32:13-34:85
176                android:name="com.google.firebase.components:com.google.firebase.remoteconfig.RemoteConfigRegistrar"
176-->[com.google.firebase:firebase-config:22.0.1] AndroidManifest.xml:33:17-117
177                android:value="com.google.firebase.components.ComponentRegistrar" />
177-->[com.google.firebase:firebase-config:22.0.1] AndroidManifest.xml:34:17-82
178            <meta-data
178-->[com.google.firebase:firebase-installations:18.0.0] AndroidManifest.xml:15:13-17:85
179                android:name="com.google.firebase.components:com.google.firebase.installations.FirebaseInstallationsKtxRegistrar"
179-->[com.google.firebase:firebase-installations:18.0.0] AndroidManifest.xml:16:17-130
180                android:value="com.google.firebase.components.ComponentRegistrar" />
180-->[com.google.firebase:firebase-installations:18.0.0] AndroidManifest.xml:17:17-82
181            <meta-data
181-->[com.google.firebase:firebase-installations:18.0.0] AndroidManifest.xml:18:13-20:85
182                android:name="com.google.firebase.components:com.google.firebase.installations.FirebaseInstallationsRegistrar"
182-->[com.google.firebase:firebase-installations:18.0.0] AndroidManifest.xml:19:17-127
183                android:value="com.google.firebase.components.ComponentRegistrar" />
183-->[com.google.firebase:firebase-installations:18.0.0] AndroidManifest.xml:20:17-82
184            <meta-data
184-->[com.google.firebase:firebase-appcheck:18.0.0] AndroidManifest.xml:25:13-27:85
185                android:name="com.google.firebase.components:com.google.firebase.appcheck.FirebaseAppCheckKtxRegistrar"
185-->[com.google.firebase:firebase-appcheck:18.0.0] AndroidManifest.xml:26:17-120
186                android:value="com.google.firebase.components.ComponentRegistrar" />
186-->[com.google.firebase:firebase-appcheck:18.0.0] AndroidManifest.xml:27:17-82
187            <meta-data
187-->[com.google.firebase:firebase-appcheck:18.0.0] AndroidManifest.xml:28:13-30:85
188                android:name="com.google.firebase.components:com.google.firebase.appcheck.FirebaseAppCheckRegistrar"
188-->[com.google.firebase:firebase-appcheck:18.0.0] AndroidManifest.xml:29:17-117
189                android:value="com.google.firebase.components.ComponentRegistrar" />
189-->[com.google.firebase:firebase-appcheck:18.0.0] AndroidManifest.xml:30:17-82
190            <meta-data
190-->[com.google.firebase:firebase-common-ktx:21.0.0] AndroidManifest.xml:12:13-14:85
191                android:name="com.google.firebase.components:com.google.firebase.ktx.FirebaseCommonLegacyRegistrar"
191-->[com.google.firebase:firebase-common-ktx:21.0.0] AndroidManifest.xml:13:17-116
192                android:value="com.google.firebase.components.ComponentRegistrar" />
192-->[com.google.firebase:firebase-common-ktx:21.0.0] AndroidManifest.xml:14:17-82
193            <meta-data
193-->[com.google.firebase:firebase-datatransport:18.2.0] AndroidManifest.xml:25:13-27:85
194                android:name="com.google.firebase.components:com.google.firebase.datatransport.TransportRegistrar"
194-->[com.google.firebase:firebase-datatransport:18.2.0] AndroidManifest.xml:26:17-115
195                android:value="com.google.firebase.components.ComponentRegistrar" />
195-->[com.google.firebase:firebase-datatransport:18.2.0] AndroidManifest.xml:27:17-82
196            <meta-data
196-->[com.google.firebase:firebase-common:21.0.0] AndroidManifest.xml:35:13-37:85
197                android:name="com.google.firebase.components:com.google.firebase.FirebaseCommonKtxRegistrar"
197-->[com.google.firebase:firebase-common:21.0.0] AndroidManifest.xml:36:17-109
198                android:value="com.google.firebase.components.ComponentRegistrar" />
198-->[com.google.firebase:firebase-common:21.0.0] AndroidManifest.xml:37:17-82
199            <meta-data
199-->[com.google.firebase:firebase-abt:21.1.1] AndroidManifest.xml:12:13-14:85
200                android:name="com.google.firebase.components:com.google.firebase.abt.component.AbtRegistrar"
200-->[com.google.firebase:firebase-abt:21.1.1] AndroidManifest.xml:13:17-109
201                android:value="com.google.firebase.components.ComponentRegistrar" />
201-->[com.google.firebase:firebase-abt:21.1.1] AndroidManifest.xml:14:17-82
202        </service>
203        <service
203-->[:firebase_messaging] AndroidManifest.xml:14:9-17:72
204            android:name="io.flutter.plugins.firebase.messaging.FlutterFirebaseMessagingBackgroundService"
204-->[:firebase_messaging] AndroidManifest.xml:15:13-107
205            android:exported="false"
205-->[:firebase_messaging] AndroidManifest.xml:16:13-37
206            android:permission="android.permission.BIND_JOB_SERVICE" />
206-->[:firebase_messaging] AndroidManifest.xml:17:13-69
207        <service
207-->[:firebase_messaging] AndroidManifest.xml:18:9-24:19
208            android:name="io.flutter.plugins.firebase.messaging.FlutterFirebaseMessagingService"
208-->[:firebase_messaging] AndroidManifest.xml:19:13-97
209            android:exported="false" >
209-->[:firebase_messaging] AndroidManifest.xml:20:13-37
210            <intent-filter>
210-->[:firebase_messaging] AndroidManifest.xml:21:13-23:29
211                <action android:name="com.google.firebase.MESSAGING_EVENT" />
211-->[:firebase_messaging] AndroidManifest.xml:22:17-78
211-->[:firebase_messaging] AndroidManifest.xml:22:25-75
212            </intent-filter>
213        </service>
214
215        <receiver
215-->[:firebase_messaging] AndroidManifest.xml:26:9-33:20
216            android:name="io.flutter.plugins.firebase.messaging.FlutterFirebaseMessagingReceiver"
216-->[:firebase_messaging] AndroidManifest.xml:27:13-98
217            android:exported="true"
217-->[:firebase_messaging] AndroidManifest.xml:28:13-36
218            android:permission="com.google.android.c2dm.permission.SEND" >
218-->[:firebase_messaging] AndroidManifest.xml:29:13-73
219            <intent-filter>
219-->[:firebase_messaging] AndroidManifest.xml:30:13-32:29
220                <action android:name="com.google.android.c2dm.intent.RECEIVE" />
220-->[:firebase_messaging] AndroidManifest.xml:31:17-81
220-->[:firebase_messaging] AndroidManifest.xml:31:25-78
221            </intent-filter>
222        </receiver>
223
224        <provider
224-->[:firebase_messaging] AndroidManifest.xml:41:9-45:38
225            android:name="io.flutter.plugins.firebase.messaging.FlutterFirebaseMessagingInitProvider"
225-->[:firebase_messaging] AndroidManifest.xml:42:13-102
226            android:authorities="com.mycompany.newsecurechat.flutterfirebasemessaginginitprovider"
226-->[:firebase_messaging] AndroidManifest.xml:43:13-88
227            android:exported="false"
227-->[:firebase_messaging] AndroidManifest.xml:44:13-37
228            android:initOrder="99" />
228-->[:firebase_messaging] AndroidManifest.xml:45:13-35
229
230        <service
230-->[com.google.firebase:firebase-sessions:2.0.0] AndroidManifest.xml:22:9-25:40
231            android:name="com.google.firebase.sessions.SessionLifecycleService"
231-->[com.google.firebase:firebase-sessions:2.0.0] AndroidManifest.xml:23:13-80
232            android:enabled="true"
232-->[com.google.firebase:firebase-sessions:2.0.0] AndroidManifest.xml:24:13-35
233            android:exported="false" />
233-->[com.google.firebase:firebase-sessions:2.0.0] AndroidManifest.xml:25:13-37
234
235        <activity
235-->[com.google.firebase:firebase-auth:23.1.0] AndroidManifest.xml:29:9-46:20
236            android:name="com.google.firebase.auth.internal.GenericIdpActivity"
236-->[com.google.firebase:firebase-auth:23.1.0] AndroidManifest.xml:30:13-80
237            android:excludeFromRecents="true"
237-->[com.google.firebase:firebase-auth:23.1.0] AndroidManifest.xml:31:13-46
238            android:exported="true"
238-->[com.google.firebase:firebase-auth:23.1.0] AndroidManifest.xml:32:13-36
239            android:launchMode="singleTask"
239-->[com.google.firebase:firebase-auth:23.1.0] AndroidManifest.xml:33:13-44
240            android:theme="@android:style/Theme.Translucent.NoTitleBar" >
240-->[com.google.firebase:firebase-auth:23.1.0] AndroidManifest.xml:34:13-72
241            <intent-filter>
241-->[com.google.firebase:firebase-auth:23.1.0] AndroidManifest.xml:35:13-45:29
242                <action android:name="android.intent.action.VIEW" />
242-->src\main\AndroidManifest.xml:54:17-69
242-->src\main\AndroidManifest.xml:54:25-66
243
244                <category android:name="android.intent.category.DEFAULT" />
244-->src\main\AndroidManifest.xml:55:17-76
244-->src\main\AndroidManifest.xml:55:27-73
245                <category android:name="android.intent.category.BROWSABLE" />
245-->src\main\AndroidManifest.xml:56:17-78
245-->src\main\AndroidManifest.xml:56:27-75
246
247                <data
247-->src\main\AndroidManifest.xml:57:17-89
248                    android:host="firebase.auth"
248-->src\main\AndroidManifest.xml:57:54-86
249                    android:path="/"
250                    android:scheme="genericidp" />
250-->src\main\AndroidManifest.xml:57:23-53
251            </intent-filter>
252        </activity>
253        <activity
253-->[com.google.firebase:firebase-auth:23.1.0] AndroidManifest.xml:47:9-64:20
254            android:name="com.google.firebase.auth.internal.RecaptchaActivity"
254-->[com.google.firebase:firebase-auth:23.1.0] AndroidManifest.xml:48:13-79
255            android:excludeFromRecents="true"
255-->[com.google.firebase:firebase-auth:23.1.0] AndroidManifest.xml:49:13-46
256            android:exported="true"
256-->[com.google.firebase:firebase-auth:23.1.0] AndroidManifest.xml:50:13-36
257            android:launchMode="singleTask"
257-->[com.google.firebase:firebase-auth:23.1.0] AndroidManifest.xml:51:13-44
258            android:theme="@android:style/Theme.Translucent.NoTitleBar" >
258-->[com.google.firebase:firebase-auth:23.1.0] AndroidManifest.xml:52:13-72
259            <intent-filter>
259-->[com.google.firebase:firebase-auth:23.1.0] AndroidManifest.xml:53:13-63:29
260                <action android:name="android.intent.action.VIEW" />
260-->src\main\AndroidManifest.xml:54:17-69
260-->src\main\AndroidManifest.xml:54:25-66
261
262                <category android:name="android.intent.category.DEFAULT" />
262-->src\main\AndroidManifest.xml:55:17-76
262-->src\main\AndroidManifest.xml:55:27-73
263                <category android:name="android.intent.category.BROWSABLE" />
263-->src\main\AndroidManifest.xml:56:17-78
263-->src\main\AndroidManifest.xml:56:27-75
264
265                <data
265-->src\main\AndroidManifest.xml:57:17-89
266                    android:host="firebase.auth"
266-->src\main\AndroidManifest.xml:57:54-86
267                    android:path="/"
268                    android:scheme="recaptcha" />
268-->src\main\AndroidManifest.xml:57:23-53
269            </intent-filter>
270        </activity>
271
272        <receiver
272-->[com.google.firebase:firebase-messaging:24.0.3] AndroidManifest.xml:29:9-40:20
273            android:name="com.google.firebase.iid.FirebaseInstanceIdReceiver"
273-->[com.google.firebase:firebase-messaging:24.0.3] AndroidManifest.xml:30:13-78
274            android:exported="true"
274-->[com.google.firebase:firebase-messaging:24.0.3] AndroidManifest.xml:31:13-36
275            android:permission="com.google.android.c2dm.permission.SEND" >
275-->[com.google.firebase:firebase-messaging:24.0.3] AndroidManifest.xml:32:13-73
276            <intent-filter>
276-->[:firebase_messaging] AndroidManifest.xml:30:13-32:29